{
  "stats": {
    "suites": 1,
    "tests": 1,
    "passes": 1,
    "pending": 0,
    "failures": 0,
    "start": "2024-11-01T11:42:39.075Z",
    "end": "2024-11-01T11:42:47.324Z",
    "duration": 8249,
    "testsRegistered": 1,
    "passPercent": 100,
    "pendingPercent": 0,
    "other": 0,
    "hasOther": false,
    "skipped": 0,
    "hasSkipped": false
  },
  "results": [
    {
      "uuid": "3fa6bfba-1813-4bed-82cf-2ec8da2a9ff9",
      "title": "",
      "fullFile": "cypress\\integration\\GreenKart\\Test1.js",
      "file": "cypress\\integration\\GreenKart\\Test1.js",
      "beforeHooks": [],
      "afterHooks": [],
      "tests": [],
      "suites": [
        {
          "uuid": "a95fcd77-712a-4167-ac0e-4dd624338943",
          "title": "My First Test Suite",
          "fullFile": "",
          "file": "",
          "beforeHooks": [],
          "afterHooks": [],
          "tests": [
            {
              "title": "My firstTest case",
              "fullTitle": "My First Test Suite My firstTest case",
              "timedOut": null,
              "duration": 5421,
              "state": "passed",
              "speed": "medium",
              "pass": true,
              "fail": false,
              "pending": false,
              "context": null,
              "code": "cy.visit(Cypress.env('url') + \"seleniumPractise/#/\");\ncy.get('.search-keyword').type(\"ca\");\ncy.wait(2000);\ncy.get('.product:visible').should('have.length', 4);\n//Parent child chaining\ncy.get('.products').find('.product').should('have.length', 4);\n//cy.get('.products').find('.product').eq(2).contains('ADD TO CART').click()\ncy.get('.products').find('.product').each(($el, index, $list) => {\n  const textVeg = $el.find('h4.product-name').text();\n  if (textVeg.includes('Cashews')) {\n    //$el.find('button').click()\n    cy.wrap($el).find('button').click();\n  }\n});\n//assert if logo text is correctly displayed\ncy.get('.brand').should('have.text', 'GREENKART');\n//this is to print in logs\ncy.get('.brand').then(function (logoelement) {\n  cy.log(logoelement.text());\n});",
              "err": {},
              "uuid": "12072193-895e-494e-bc48-d927d68bc7c7",
              "parentUUID": "a95fcd77-712a-4167-ac0e-4dd624338943",
              "isHook": false,
              "skipped": false
            }
          ],
          "suites": [],
          "passes": [
            "12072193-895e-494e-bc48-d927d68bc7c7"
          ],
          "failures": [],
          "pending": [],
          "skipped": [],
          "duration": 5421,
          "root": false,
          "rootEmpty": false,
          "_timeout": 2000
        }
      ],
      "passes": [],
      "failures": [],
      "pending": [],
      "skipped": [],
      "duration": 0,
      "root": true,
      "rootEmpty": true,
      "_timeout": 2000
    }
  ],
  "meta": {
    "mocha": {
      "version": "7.0.1"
    },
    "mochawesome": {
      "options": {
        "quiet": false,
        "reportFilename": "mochawesome",
        "saveHtml": false,
        "saveJson": true,
        "consoleReporter": "spec",
        "useInlineDiffs": false,
        "code": true
      },
      "version": "7.1.3"
    },
    "marge": {
      "options": {
        "overwrite": false,
        "html": false,
        "json": true,
        "reportDir": "cypress\\reports\\html\\.jsons"
      },
      "version": "6.2.0"
    }
  }
}